<?xml version="1.0" encoding="UTF-8"?>
<!-- Generated by org.testng.reporters.JUnitXMLReporter -->
<testsuite hostname="DELL-PC" name="abcTest" tests="6" failures="0" timestamp="24 Jan 2021 08:00:42 GMT" time="0.05" errors="0">
  <testcase name="deletetwitter" time="0.01" classname="polineni.akhilmaven.Restapitest"/>
  <testcase name="postjira" time="0.0" classname="polineni.akhilmaven.Restapitest"/>
  <testcase name="iosapps" time="0.0" classname="polineni.akhilmaven.Appiumtest"/>
  <testcase name="nativeappandroid" time="0.0" classname="polineni.akhilmaven.Appiumtest"/>
  <testcase name="browserautomation" time="0.0" classname="polineni.akhilmaven.Seleniumtest"/>
  <testcase name="elementsui" time="0.005" classname="polineni.akhilmaven.Seleniumtest"/>
</testsuite> <!-- abcTest -->
