<?xml version="1.0" encoding="UTF-8"?>
<!-- Generated by org.testng.reporters.JUnitXMLReporter -->
<testsuite hostname="DELL-PC" name="Test" tests="6" failures="0" timestamp="23 Jan 2021 11:00:32 GMT" time="0.078" errors="0">
  <testcase name="deletetwitter" time="0.017" classname="polineni.akhilmaven.Restapitest"/>
  <testcase name="postjira" time="0.002" classname="polineni.akhilmaven.Restapitest"/>
  <testcase name="iosapps" time="0.002" classname="polineni.akhilmaven.Appiumtest"/>
  <testcase name="nativeappandroid" time="0.003" classname="polineni.akhilmaven.Appiumtest"/>
  <testcase name="browserautomation" time="0.001" classname="polineni.akhilmaven.Seleniumtest"/>
  <testcase name="elementsui" time="0.002" classname="polineni.akhilmaven.Seleniumtest"/>
</testsuite> <!-- Test -->
